<?xml version="1.0" encoding="UTF-8"?>
<testsuite xmlns:xsi="http://www.w3.org/2001/XMLSchema-instance" xsi:noNamespaceSchemaLocation="https://maven.apache.org/surefire/maven-surefire-plugin/xsd/surefire-test-report-3.0.xsd" version="3.0" name="com.openclassrooms.tourguide.TourguideApplicationTests" time="2.358" tests="1" errors="0" skipped="0" failures="0">
  <properties>
[...]
</properties>
  <testcase name="contextLoads" classname="com.openclassrooms.tourguide.TourguideApplicationTests" time="0.573">
    <system-out><![CDATA[Attraction ajoutée: Zoo Tampa at Lowry Park (#98/26)
Attraction ajoutée: Neyland Stadium (#99/26)
12:09:18.486 [main] INFO org.springframework.test.context.support.AnnotationConfigContextLoaderUtils -- Could not detect default configuration classes for test class [com.openclassrooms.tourguide.TourguideApplicationTests]: TourguideApplicationTests does not declare any static, non-private, non-final, nested classes annotated with @Configuration.
Attraction ajoutée: Cinderella Castle (#100/26)
Attraction ajoutée: Bryant-Denny Stadium (#101/26)
Attraction ajoutée: El Paso Zoo (#102/26)
12:09:18.577 [main] INFO org.springframework.boot.test.context.SpringBootTestContextBootstrapper -- Found @SpringBootConfiguration com.openclassrooms.tourguide.TourguideApplication for test class com.openclassrooms.tourguide.TourguideApplicationTests

  .   ____          _            __ _ _
 /\\ / ___'_ __ _ _(_)_ __  __ _ \ \ \ \
( ( )\___ | '_ | '_| | '_ \/ _` | \ \ \ \
 \\/  ___)| |_)| | | | | || (_| |  ) ) ) )
  '  |____| .__|_| |_|_| |_\__, | / / / /
 =========|_|==============|___/=/_/_/_/
 :: Spring Boot ::                (v3.1.1)

2025-05-26T12:09:18.896+02:00  INFO 6500 --- [           main] c.o.tourguide.TourguideApplicationTests  : Starting TourguideApplicationTests using Java 17.0.12 with PID 6500 (started by wanha in c:\Users\wanha\Desktop\PROJET\OPENCLASSROOM\08 - Améliorez votre application avec des systèmes distribués\Java)
2025-05-26T12:09:18.897+02:00 DEBUG 6500 --- [           main] c.o.tourguide.TourguideApplicationTests  : Running with Spring Boot v3.1.1, Spring v6.0.10
2025-05-26T12:09:18.898+02:00  INFO 6500 --- [           main] c.o.tourguide.TourguideApplicationTests  : No active profile set, falling back to 1 default profile: "default"
Attraction ajoutée: Franklin Park Zoo (#103/26)
Attraction ajoutée: Bronx Zoo (#104/26)
2025-05-26T12:09:19.242+02:00 DEBUG 6500 --- [pool-6-thread-1] c.o.tourguide.tracker.Tracker            : Tracker Time Elapsed: 8 seconds.
2025-05-26T12:09:19.242+02:00 DEBUG 6500 --- [pool-6-thread-1] c.o.tourguide.tracker.Tracker            : Tracker sleeping
2025-05-26T12:09:19.655+02:00  INFO 6500 --- [           main] c.o.tourguide.service.TourGuideService   : TestMode enabled
2025-05-26T12:09:19.655+02:00 DEBUG 6500 --- [           main] c.o.tourguide.service.TourGuideService   : Initializing users
2025-05-26T12:09:19.655+02:00 DEBUG 6500 --- [           main] c.o.tourguide.service.TourGuideService   : Created 0 internal test users.
2025-05-26T12:09:19.655+02:00 DEBUG 6500 --- [           main] c.o.tourguide.service.TourGuideService   : Finished initializing users
2025-05-26T12:09:19.656+02:00 DEBUG 6500 --- [ool-14-thread-1] c.o.tourguide.tracker.Tracker            : Begin Tracker. Tracking 0 users.
2025-05-26T12:09:19.656+02:00 DEBUG 6500 --- [ool-14-thread-1] c.o.tourguide.tracker.Tracker            : Tracker Time Elapsed: 0 seconds.
2025-05-26T12:09:19.656+02:00 DEBUG 6500 --- [ool-14-thread-1] c.o.tourguide.tracker.Tracker            : Tracker sleeping
2025-05-26T12:09:20.114+02:00  INFO 6500 --- [           main] o.s.b.a.e.web.EndpointLinksResolver      : Exposing 1 endpoint(s) beneath base path '/actuator'
2025-05-26T12:09:20.151+02:00  INFO 6500 --- [           main] c.o.tourguide.TourguideApplicationTests  : Started TourguideApplicationTests in 1.463 seconds (process running for 12.983)
]]></system-out>
  </testcase>
</testsuite>