<?xml version="1.0" encoding="UTF-8"?>
<testsuite xmlns:xsi="http://www.w3.org/2001/XMLSchema-instance" xsi:noNamespaceSchemaLocation="https://maven.apache.org/surefire/maven-surefire-plugin/xsd/surefire-test-report-3.0.xsd" version="3.0" name="com.openclassrooms.tourguide.TestRewardsService" time="7.78" tests="3" errors="0" skipped="0" failures="0">
  <properties>
[...]
</properties>
  <testcase name="nearAllAttractions" classname="com.openclassrooms.tourguide.TestRewardsService" time="6.859">
    <system-out><![CDATA[12:09:10.327 [main] INFO com.openclassrooms.tourguide.service.TourGuideService -- TestMode enabled
Attraction ajoutée: Tiger Stadium (#1/26)
Attraction ajoutée: Fallingwater (#2/26)
Attraction ajoutée: Flatiron Building (#3/26)
Attraction ajoutée: Kyle Field (#4/26)
Attraction ajoutée: Union Station (#5/26)
Attraction ajoutée: Jackson Hole (#6/26)
Attraction ajoutée: Kartchner Caverns State Park (#7/26)
Attraction ajoutée: Tiger Stadium (#1/26)
Attraction ajoutée: Joshua Tree National Park (#8/26)
Attraction ajoutée: Flowers Bakery of London (#9/26)
Attraction ajoutée: Mojave National Preserve (#10/26)
Attraction ajoutée: Disneyland (#11/26)
Attraction ajoutée: Zoo Tampa at Lowry Park (#12/26)
Attraction ajoutée: Kansas City Zoo (#13/26)
Attraction ajoutée: Cinderella Castle (#14/26)
Attraction ajoutée: McKinley Tower (#15/26)
Attraction ajoutée: Hot Springs National Park (#16/26)
Attraction ajoutée: Legend Valley (#17/26)
Attraction ajoutée: San Diego Zoo (#18/26)
Attraction ajoutée: Neyland Stadium (#19/26)
Attraction ajoutée: Kansas City Zoo (#2/26)
Attraction ajoutée: Roger Dean Stadium (#20/26)
Attraction ajoutée: Bryant-Denny Stadium (#21/26)
Attraction ajoutée: El Paso Zoo (#22/26)
Attraction ajoutée: Franklin Park Zoo (#23/26)
Attraction ajoutée: Legend Valley (#3/26)
Attraction ajoutée: Buffalo National River (#24/26)
Attraction ajoutée: Kyle Field (#4/26)
Attraction ajoutée: Bronx Zoo (#25/26)
Attraction ajoutée: Zoo Tampa at Lowry Park (#5/26)
Attraction ajoutée: Texas Memorial Stadium (#26/26)
Attraction ajoutée: El Paso Zoo (#6/26)
Attraction ajoutée: Franklin Park Zoo (#7/26)
Attraction ajoutée: Tiger Stadium (#27/26)
Attraction ajoutée: Roger Dean Stadium (#8/26)
Attraction ajoutée: Joshua Tree National Park (#9/26)
Attraction ajoutée: Hot Springs National Park (#10/26)
Attraction ajoutée: San Diego Zoo (#11/26)
Attraction ajoutée: Cinderella Castle (#12/26)
Attraction ajoutée: Neyland Stadium (#14/26)
Attraction ajoutée: Fallingwater (#13/26)
Attraction ajoutée: Jackson Hole (#15/26)
Attraction ajoutée: Disneyland (#16/26)
Attraction ajoutée: Flatiron Building (#17/26)
Attraction ajoutée: Joshua Tree National Park (#28/26)
Attraction ajoutée: Bronx Zoo (#18/26)
Attraction ajoutée: Texas Memorial Stadium (#19/26)
Attraction ajoutée: Flowers Bakery of London (#20/26)
Attraction ajoutée: Bryant-Denny Stadium (#21/26)
Attraction ajoutée: Cinderella Castle (#29/26)
Attraction ajoutée: Legend Valley (#30/26)
Attraction ajoutée: Mojave National Preserve (#22/26)
Attraction ajoutée: Kyle Field (#31/26)
Attraction ajoutée: McKinley Tower (#23/26)
Attraction ajoutée: Kansas City Zoo (#32/26)
Attraction ajoutée: Union Station (#24/26)
Attraction ajoutée: Buffalo National River (#25/26)
Attraction ajoutée: Fallingwater (#33/26)
Attraction ajoutée: Kartchner Caverns State Park (#26/26)
Attraction ajoutée: Franklin Park Zoo (#34/26)
Attraction ajoutée: El Paso Zoo (#35/26)
Attraction ajoutée: Flowers Bakery of London (#36/26)
Attraction ajoutée: Jackson Hole (#37/26)
Attraction ajoutée: Hot Springs National Park (#38/26)
Attraction ajoutée: Zoo Tampa at Lowry Park (#39/26)
Attraction ajoutée: Tiger Stadium (#27/26)
Attraction ajoutée: Disneyland (#40/26)
Attraction ajoutée: Bronx Zoo (#41/26)
Attraction ajoutée: Buffalo National River (#42/26)
Attraction ajoutée: Neyland Stadium (#43/26)
Attraction ajoutée: Mojave National Preserve (#44/26)
Attraction ajoutée: Kyle Field (#28/26)
Attraction ajoutée: Roger Dean Stadium (#45/26)
Attraction ajoutée: Flatiron Building (#46/26)
Attraction ajoutée: Union Station (#47/26)
Attraction ajoutée: San Diego Zoo (#48/26)
Attraction ajoutée: Texas Memorial Stadium (#49/26)
Attraction ajoutée: Flatiron Building (#29/26)
Attraction ajoutée: Legend Valley (#30/26)
Attraction ajoutée: Kartchner Caverns State Park (#50/26)
Attraction ajoutée: McKinley Tower (#51/26)
Attraction ajoutée: Disneyland (#31/26)
Attraction ajoutée: Zoo Tampa at Lowry Park (#32/26)
Attraction ajoutée: Joshua Tree National Park (#33/26)
Attraction ajoutée: Hot Springs National Park (#34/26)
Attraction ajoutée: Flowers Bakery of London (#35/26)
Attraction ajoutée: Bryant-Denny Stadium (#52/26)
Attraction ajoutée: Jackson Hole (#36/26)
Attraction ajoutée: Bryant-Denny Stadium (#37/26)
Attraction ajoutée: Franklin Park Zoo (#38/26)
Attraction ajoutée: Kartchner Caverns State Park (#39/26)
Attraction ajoutée: Texas Memorial Stadium (#40/26)
Attraction ajoutée: Fallingwater (#41/26)
Attraction ajoutée: McKinley Tower (#42/26)
Attraction ajoutée: San Diego Zoo (#43/26)
Attraction ajoutée: Legend Valley (#53/26)
Attraction ajoutée: Jackson Hole (#54/26)
Attraction ajoutée: Kansas City Zoo (#44/26)
Attraction ajoutée: Roger Dean Stadium (#45/26)
Attraction ajoutée: Buffalo National River (#46/26)
Attraction ajoutée: Neyland Stadium (#47/26)
Attraction ajoutée: Cinderella Castle (#48/26)
Attraction ajoutée: Disneyland (#55/26)
Attraction ajoutée: Union Station (#49/26)
Attraction ajoutée: Mojave National Preserve (#50/26)
Attraction ajoutée: Bronx Zoo (#51/26)
Attraction ajoutée: Fallingwater (#56/26)
Attraction ajoutée: Texas Memorial Stadium (#57/26)
Attraction ajoutée: Tiger Stadium (#58/26)
Attraction ajoutée: Bryant-Denny Stadium (#59/26)
Attraction ajoutée: El Paso Zoo (#52/26)
Attraction ajoutée: Joshua Tree National Park (#60/26)
Attraction ajoutée: Hot Springs National Park (#61/26)
Attraction ajoutée: Tiger Stadium (#53/26)
Attraction ajoutée: Mojave National Preserve (#62/26)
Attraction ajoutée: Flowers Bakery of London (#63/26)
Attraction ajoutée: Kansas City Zoo (#64/26)
Attraction ajoutée: Kyle Field (#65/26)
Attraction ajoutée: Kartchner Caverns State Park (#66/26)
Attraction ajoutée: Buffalo National River (#67/26)
Attraction ajoutée: Roger Dean Stadium (#68/26)
Attraction ajoutée: Flatiron Building (#69/26)
Attraction ajoutée: Kyle Field (#54/26)
Attraction ajoutée: Union Station (#70/26)
Attraction ajoutée: McKinley Tower (#71/26)
Attraction ajoutée: Zoo Tampa at Lowry Park (#55/26)
Attraction ajoutée: Zoo Tampa at Lowry Park (#72/26)
Attraction ajoutée: Jackson Hole (#56/26)
Attraction ajoutée: Neyland Stadium (#73/26)
Attraction ajoutée: Joshua Tree National Park (#57/26)
Attraction ajoutée: Legend Valley (#58/26)
Attraction ajoutée: Franklin Park Zoo (#59/26)
Attraction ajoutée: Flowers Bakery of London (#60/26)
Attraction ajoutée: El Paso Zoo (#74/26)
Attraction ajoutée: Kartchner Caverns State Park (#61/26)
Attraction ajoutée: Kansas City Zoo (#62/26)
Attraction ajoutée: Fallingwater (#63/26)
Attraction ajoutée: Mojave National Preserve (#64/26)
Attraction ajoutée: Disneyland (#65/26)
Attraction ajoutée: Texas Memorial Stadium (#66/26)
Attraction ajoutée: Union Station (#67/26)
Attraction ajoutée: Bronx Zoo (#75/26)
Attraction ajoutée: El Paso Zoo (#68/26)
Attraction ajoutée: San Diego Zoo (#76/26)
Attraction ajoutée: Franklin Park Zoo (#77/26)
Attraction ajoutée: Neyland Stadium (#69/26)
Attraction ajoutée: Roger Dean Stadium (#70/26)
Attraction ajoutée: Cinderella Castle (#71/26)
Attraction ajoutée: Hot Springs National Park (#72/26)
Attraction ajoutée: Flatiron Building (#73/26)
Attraction ajoutée: Buffalo National River (#74/26)
Attraction ajoutée: Bryant-Denny Stadium (#75/26)
Attraction ajoutée: Cinderella Castle (#78/26)
]]></system-out>
  </testcase>
  <testcase name="userGetRewards" classname="com.openclassrooms.tourguide.TestRewardsService" time="0.907">
    <system-out><![CDATA[12:09:17.187 [main] INFO com.openclassrooms.tourguide.service.TourGuideService -- TestMode enabled
Attraction ajoutée: San Diego Zoo (#76/26)
Attraction ajoutée: Bronx Zoo (#77/26)
Attraction ajoutée: McKinley Tower (#78/26)
Attraction ajoutée: Tiger Stadium (#79/26)
Attraction ajoutée: Flatiron Building (#80/26)
Attraction ajoutée: Hot Springs National Park (#81/26)
Attraction ajoutée: Buffalo National River (#82/26)
Attraction ajoutée: Kartchner Caverns State Park (#83/26)
Attraction ajoutée: Mojave National Preserve (#84/26)
Attraction ajoutée: Legend Valley (#85/26)
Attraction ajoutée: Joshua Tree National Park (#86/26)
Attraction ajoutée: Disneyland (#1/26)
]]></system-out>
  </testcase>
  <testcase name="isWithinAttractionProximity" classname="com.openclassrooms.tourguide.TestRewardsService" time="0.012"/>
</testsuite>