<?xml version="1.0" encoding="UTF-8"?>
<testsuite xmlns:xsi="http://www.w3.org/2001/XMLSchema-instance" xsi:noNamespaceSchemaLocation="https://maven.apache.org/surefire/maven-surefire-plugin/xsd/surefire-test-report-3.0.xsd" version="3.0" name="com.openclassrooms.tourguide.TestPerformance" time="2.769" tests="2" errors="0" skipped="0" failures="0">
  <properties>
[...]
</properties>
  <testcase name="highVolumeTrackLocation" classname="com.openclassrooms.tourguide.TestPerformance" time="1.013">
    <system-out><![CDATA[12:09:07.627 [main] INFO com.openclassrooms.tourguide.service.TourGuideService -- TestMode enabled
Utilisateurs traités: 1/100 - 0 seconds.
Utilisateurs traités: 2/100 - 0 seconds.
Utilisateurs traités: 3/100 - 0 seconds.
Utilisateurs traités: 4/100 - 0 seconds.
Utilisateurs traités: 5/100 - 0 seconds.
Utilisateurs traités: 6/100 - 0 seconds.
Utilisateurs traités: 7/100 - 0 seconds.
Utilisateurs traités: 8/100 - 0 seconds.
Utilisateurs traités: 9/100 - 0 seconds.
Utilisateurs traités: 10/100 - 0 seconds.
Utilisateurs traités: 11/100 - 0 seconds.
Utilisateurs traités: 12/100 - 0 seconds.
Utilisateurs traités: 13/100 - 0 seconds.
Utilisateurs traités: 14/100 - 0 seconds.
Utilisateurs traités: 15/100 - 0 seconds.
Utilisateurs traités: 16/100 - 0 seconds.
Utilisateurs traités: 17/100 - 0 seconds.
Utilisateurs traités: 18/100 - 0 seconds.
Utilisateurs traités: 19/100 - 0 seconds.
Utilisateurs traités: 20/100 - 0 seconds.
Utilisateurs traités: 21/100 - 0 seconds.
Utilisateurs traités: 22/100 - 0 seconds.
Utilisateurs traités: 23/100 - 0 seconds.
Utilisateurs traités: 24/100 - 0 seconds.
Utilisateurs traités: 25/100 - 0 seconds.
Utilisateurs traités: 26/100 - 0 seconds.
Utilisateurs traités: 27/100 - 0 seconds.
Utilisateurs traités: 28/100 - 0 seconds.
Utilisateurs traités: 29/100 - 0 seconds.
Utilisateurs traités: 30/100 - 0 seconds.
Utilisateurs traités: 31/100 - 0 seconds.
Utilisateurs traités: 32/100 - 0 seconds.
Utilisateurs traités: 33/100 - 0 seconds.
Utilisateurs traités: 34/100 - 0 seconds.
Utilisateurs traités: 35/100 - 0 seconds.
Utilisateurs traités: 36/100 - 0 seconds.
Utilisateurs traités: 37/100 - 0 seconds.
Utilisateurs traités: 38/100 - 0 seconds.
Utilisateurs traités: 39/100 - 0 seconds.
Utilisateurs traités: 40/100 - 0 seconds.
Utilisateurs traités: 41/100 - 0 seconds.
Utilisateurs traités: 42/100 - 0 seconds.
Utilisateurs traités: 43/100 - 0 seconds.
Utilisateurs traités: 44/100 - 0 seconds.
Utilisateurs traités: 46/100 - 0 seconds.
Utilisateurs traités: 45/100 - 0 seconds.
Utilisateurs traités: 47/100 - 0 seconds.
Utilisateurs traités: 48/100 - 0 seconds.
Utilisateurs traités: 49/100 - 0 seconds.
Utilisateurs traités: 50/100 - 0 seconds.
Utilisateurs traités: 51/100 - 0 seconds.
Utilisateurs traités: 52/100 - 0 seconds.
Utilisateurs traités: 53/100 - 0 seconds.
Utilisateurs traités: 54/100 - 0 seconds.
Utilisateurs traités: 55/100 - 0 seconds.
Utilisateurs traités: 57/100 - 0 seconds.
Utilisateurs traités: 56/100 - 0 seconds.
Utilisateurs traités: 58/100 - 0 seconds.
Utilisateurs traités: 59/100 - 0 seconds.
Utilisateurs traités: 60/100 - 0 seconds.
Utilisateurs traités: 61/100 - 0 seconds.
Utilisateurs traités: 62/100 - 0 seconds.
Utilisateurs traités: 63/100 - 0 seconds.
Utilisateurs traités: 64/100 - 0 seconds.
Utilisateurs traités: 65/100 - 0 seconds.
Utilisateurs traités: 66/100 - 0 seconds.
Utilisateurs traités: 67/100 - 0 seconds.
Utilisateurs traités: 68/100 - 0 seconds.
Utilisateurs traités: 69/100 - 0 seconds.
Utilisateurs traités: 70/100 - 0 seconds.
Utilisateurs traités: 71/100 - 0 seconds.
Utilisateurs traités: 72/100 - 0 seconds.
Utilisateurs traités: 73/100 - 0 seconds.
Utilisateurs traités: 74/100 - 0 seconds.
Utilisateurs traités: 75/100 - 0 seconds.
Utilisateurs traités: 77/100 - 0 seconds.
Utilisateurs traités: 76/100 - 0 seconds.
Utilisateurs traités: 78/100 - 0 seconds.
Utilisateurs traités: 79/100 - 0 seconds.
Utilisateurs traités: 80/100 - 0 seconds.
Utilisateurs traités: 81/100 - 0 seconds.
Utilisateurs traités: 82/100 - 0 seconds.
Utilisateurs traités: 83/100 - 0 seconds.
Utilisateurs traités: 84/100 - 0 seconds.
Utilisateurs traités: 85/100 - 0 seconds.
Utilisateurs traités: 86/100 - 0 seconds.
Utilisateurs traités: 87/100 - 0 seconds.
Utilisateurs traités: 88/100 - 0 seconds.
Utilisateurs traités: 89/100 - 0 seconds.
Utilisateurs traités: 90/100 - 0 seconds.
Utilisateurs traités: 91/100 - 0 seconds.
Utilisateurs traités: 92/100 - 0 seconds.
Utilisateurs traités: 93/100 - 0 seconds.
Utilisateurs traités: 94/100 - 0 seconds.
Utilisateurs traités: 95/100 - 0 seconds.
Utilisateurs traités: 96/100 - 0 seconds.
Utilisateurs traités: 97/100 - 0 seconds.
Utilisateurs traités: 98/100 - 0 seconds.
Utilisateurs traités: 99/100 - 0 seconds.
Utilisateurs traités: 100/100 - 0 seconds.
highVolumeTrackLocation: Time Elapsed: 0 seconds.
]]></system-out>
  </testcase>
  <testcase name="highVolumeGetRewards" classname="com.openclassrooms.tourguide.TestPerformance" time="1.743">
    <system-out><![CDATA[12:09:08.580 [main] INFO com.openclassrooms.tourguide.service.TourGuideService -- TestMode enabled

Début du calcul des récompenses - Lots: 10
Attraction ajoutée: Disneyland (#1/26)
Progrès: 1/100
Attraction ajoutée: Disneyland (#1/26)
Progrès: 2/100
Attraction ajoutée: Disneyland (#1/26)
Progrès: 3/100
Attraction ajoutée: Disneyland (#1/26)
Progrès: 4/100
Attraction ajoutée: Disneyland (#1/26)
Progrès: 5/100
Attraction ajoutée: Disneyland (#1/26)
Progrès: 6/100
Attraction ajoutée: Disneyland (#1/26)
Progrès: 7/100
Attraction ajoutée: Disneyland (#1/26)
Progrès: 8/100
Attraction ajoutée: Disneyland (#1/26)
Progrès: 9/100
Attraction ajoutée: Disneyland (#1/26)
Progrès: 10/100
Attraction ajoutée: Disneyland (#1/26)
Progrès: 11/100
Attraction ajoutée: Disneyland (#1/26)
Attraction ajoutée: Disneyland (#1/26)
Progrès: 12/100
Progrès: 13/100
Attraction ajoutée: Disneyland (#1/26)
Progrès: 14/100
Attraction ajoutée: Disneyland (#1/26)
Progrès: 15/100
Attraction ajoutée: Disneyland (#1/26)
Progrès: 16/100
Attraction ajoutée: Disneyland (#1/26)
Progrès: 17/100
Attraction ajoutée: Disneyland (#1/26)
Progrès: 18/100
Attraction ajoutée: Disneyland (#1/26)
Progrès: 19/100
Attraction ajoutée: Disneyland (#1/26)
Progrès: 20/100
Attraction ajoutée: Disneyland (#1/26)
Progrès: 21/100
Attraction ajoutée: Disneyland (#1/26)
Progrès: 22/100
Attraction ajoutée: Disneyland (#1/26)
Attraction ajoutée: Disneyland (#1/26)
Progrès: 23/100
Progrès: 24/100
Attraction ajoutée: Disneyland (#1/26)
Progrès: 25/100
Attraction ajoutée: Disneyland (#1/26)
Progrès: 26/100
Attraction ajoutée: Disneyland (#1/26)
Attraction ajoutée: Disneyland (#1/26)
Progrès: 28/100
Progrès: 27/100
Attraction ajoutée: Disneyland (#1/26)
Progrès: 29/100
Attraction ajoutée: Disneyland (#1/26)
Progrès: 30/100
Attraction ajoutée: Disneyland (#1/26)
Progrès: 31/100
Attraction ajoutée: Disneyland (#1/26)
Progrès: 32/100
Attraction ajoutée: Disneyland (#1/26)
Progrès: 33/100
Attraction ajoutée: Disneyland (#1/26)
Progrès: 34/100
Attraction ajoutée: Disneyland (#1/26)
Attraction ajoutée: Disneyland (#1/26)
Progrès: 35/100
Progrès: 36/100
Attraction ajoutée: Disneyland (#1/26)
Progrès: 37/100
Attraction ajoutée: Disneyland (#1/26)
Progrès: 38/100
Attraction ajoutée: Disneyland (#1/26)
Progrès: 39/100
Attraction ajoutée: Disneyland (#1/26)
Progrès: 40/100
Attraction ajoutée: Disneyland (#1/26)
Progrès: 41/100
Attraction ajoutée: Disneyland (#1/26)
Progrès: 42/100
Attraction ajoutée: Disneyland (#1/26)
Progrès: 43/100
Attraction ajoutée: Disneyland (#1/26)
Attraction ajoutée: Disneyland (#1/26)
Progrès: 44/100
Progrès: 45/100
Attraction ajoutée: Disneyland (#1/26)
Progrès: 46/100
Attraction ajoutée: Disneyland (#1/26)
Progrès: 47/100
Attraction ajoutée: Disneyland (#1/26)
Progrès: 48/100
Attraction ajoutée: Disneyland (#1/26)
Progrès: 49/100
Attraction ajoutée: Disneyland (#1/26)
Progrès: 50/100
Attraction ajoutée: Disneyland (#1/26)
Progrès: 51/100
Attraction ajoutée: Disneyland (#1/26)
Progrès: 52/100
Attraction ajoutée: Disneyland (#1/26)
Progrès: 53/100
Attraction ajoutée: Disneyland (#1/26)
Progrès: 54/100
Attraction ajoutée: Disneyland (#1/26)
Progrès: 55/100
Attraction ajoutée: Disneyland (#1/26)
Progrès: 56/100
Attraction ajoutée: Disneyland (#1/26)
Progrès: 57/100
Attraction ajoutée: Disneyland (#1/26)
Progrès: 58/100
Attraction ajoutée: Disneyland (#1/26)
Progrès: 59/100
Attraction ajoutée: Disneyland (#1/26)
Progrès: 60/100
Attraction ajoutée: Disneyland (#1/26)
Progrès: 61/100
Attraction ajoutée: Disneyland (#1/26)
Progrès: 62/100
Attraction ajoutée: Disneyland (#1/26)
Progrès: 63/100
Attraction ajoutée: Disneyland (#1/26)
Progrès: 64/100
Attraction ajoutée: Disneyland (#1/26)
Attraction ajoutée: Disneyland (#1/26)
Progrès: 65/100
Attraction ajoutée: Disneyland (#1/26)
Progrès: 66/100
Attraction ajoutée: Disneyland (#1/26)
Progrès: 67/100
Attraction ajoutée: Disneyland (#1/26)
Progrès: 68/100
Attraction ajoutée: Disneyland (#1/26)
Progrès: 69/100
Attraction ajoutée: Disneyland (#1/26)
Progrès: 70/100
Attraction ajoutée: Disneyland (#1/26)
Progrès: 71/100
Attraction ajoutée: Disneyland (#1/26)
Progrès: 72/100
Attraction ajoutée: Disneyland (#1/26)
Progrès: 73/100
Attraction ajoutée: Disneyland (#1/26)
Progrès: 74/100
Attraction ajoutée: Disneyland (#1/26)
Progrès: 75/100
Attraction ajoutée: Disneyland (#1/26)
Attraction ajoutée: Disneyland (#1/26)
Progrès: 76/100
Progrès: 77/100
Attraction ajoutée: Disneyland (#1/26)
Progrès: 78/100
Attraction ajoutée: Disneyland (#1/26)
Progrès: 79/100
Attraction ajoutée: Disneyland (#1/26)
Progrès: 80/100
Attraction ajoutée: Disneyland (#1/26)
Progrès: 81/100
Attraction ajoutée: Disneyland (#1/26)
Progrès: 82/100
Attraction ajoutée: Disneyland (#1/26)
Progrès: 83/100
Attraction ajoutée: Disneyland (#1/26)
Progrès: 84/100
Attraction ajoutée: Disneyland (#1/26)
Progrès: 85/100
Attraction ajoutée: Disneyland (#1/26)
Progrès: 86/100
Attraction ajoutée: Disneyland (#1/26)
Progrès: 87/100
Attraction ajoutée: Disneyland (#1/26)
Progrès: 88/100
Attraction ajoutée: Disneyland (#1/26)
Progrès: 89/100
Attraction ajoutée: Disneyland (#1/26)
Progrès: 90/100
Attraction ajoutée: Disneyland (#1/26)
Progrès: 91/100
Attraction ajoutée: Disneyland (#1/26)
Progrès: 92/100
Attraction ajoutée: Disneyland (#1/26)
Progrès: 93/100
Attraction ajoutée: Disneyland (#1/26)
Attraction ajoutée: Disneyland (#1/26)
Progrès: 95/100
Progrès: 94/100
Attraction ajoutée: Disneyland (#1/26)
Progrès: 96/100
Attraction ajoutée: Disneyland (#1/26)
Progrès: 97/100
Attraction ajoutée: Disneyland (#1/26)
Progrès: 98/100
Attraction ajoutée: Disneyland (#1/26)
Progrès: 99/100
Attraction ajoutée: Disneyland (#1/26)
Progrès: 100/100
highVolumeGetRewards: 1 seconds.
]]></system-out>
  </testcase>
</testsuite>